<?xml version="1.0" encoding="UTF-8"?>
<!-- Generated by org.testng.reporters.JUnitReportReporter -->
<testsuite skipped="0" hostname="FLACGU10666" name="com.aws.devicefarm.example.appiumandroidtest.FoxSports.FoxSports" tests="1" failures="0" timestamp="04 dic 2017 17:31:15 GMT" time="98.727" errors="0">
  <testcase name="Iniciar" time="98.727" classname="com.aws.devicefarm.example.appiumandroidtest.FoxSports.FoxSports"/>
</testsuite> <!-- com.aws.devicefarm.example.appiumandroidtest.FoxSports.FoxSports -->
