<?xml version="1.0" encoding="UTF-8"?>
<!-- Generated by org.testng.reporters.JUnitReportReporter -->
<testsuite skipped="0" hostname="FLACGU10666" name="com.aws.devicefarm.example.appiumandroidtest.FoxSports.Principal" tests="1" failures="0" timestamp="06 nov 2017 12:48:11 GMT" time="453.168" errors="0">
  <testcase name="Iniciar" time="453.168" classname="com.aws.devicefarm.example.appiumandroidtest.FoxSports.Principal"/>
</testsuite> <!-- com.aws.devicefarm.example.appiumandroidtest.FoxSports.Principal -->
