<?xml version="1.0" encoding="UTF-8"?>
<!-- Generated by org.testng.reporters.JUnitReportReporter -->
<testsuite skipped="0" hostname="FLACGU10666" name="com.aws.devicefarm.example.appiumandroidtest.FoxSports.FoxSports" tests="1" failures="0" timestamp="28 nov 2017 21:55:03 GMT" time="432.415" errors="0">
  <testcase name="Iniciar" time="432.415" classname="com.aws.devicefarm.example.appiumandroidtest.FoxSports.FoxSports"/>
</testsuite> <!-- com.aws.devicefarm.example.appiumandroidtest.FoxSports.FoxSports -->
