<?xml version="1.0" encoding="UTF-8"?>
<!-- Generated by org.testng.reporters.JUnitReportReporter -->
<testsuite skipped="0" hostname="iMac-de-Imac" name="com.aws.devicefarm.example.appiumiostest.FoxSports.FoxSports" tests="1" failures="0" timestamp="17 nov 2017 21:55:43 GMT" time="153.215" errors="0">
  <testcase name="f" time="153.215" classname="com.aws.devicefarm.example.appiumiostest.FoxSports.FoxSports"/>
</testsuite> <!-- com.aws.devicefarm.example.appiumiostest.FoxSports.FoxSports -->
