<?xml version="1.0" encoding="UTF-8"?>
<!-- Generated by org.testng.reporters.JUnitReportReporter -->
<testsuite skipped="0" hostname="iMac-de-Imac.local" name="com.aws.devicefarm.example.appiumiostest.FoxSports.FoxSports" tests="1" failures="0" timestamp="28 nov 2017 21:42:01 GMT" time="356.151" errors="0">
  <testcase name="f" time="356.151" classname="com.aws.devicefarm.example.appiumiostest.FoxSports.FoxSports"/>
</testsuite> <!-- com.aws.devicefarm.example.appiumiostest.FoxSports.FoxSports -->
