<?xml version="1.0" encoding="UTF-8"?>
<!-- Generated by org.testng.reporters.JUnitReportReporter -->
<testsuite skipped="0" hostname="iMac-de-Imac" name="com.aws.devicefarm.example.appiumiostest.FoxSports.FoxSports" tests="1" failures="0" timestamp="21 nov 2017 16:18:35 GMT" time="91.954" errors="0">
  <testcase name="f" time="91.954" classname="com.aws.devicefarm.example.appiumiostest.FoxSports.FoxSports"/>
</testsuite> <!-- com.aws.devicefarm.example.appiumiostest.FoxSports.FoxSports -->
