<?xml version="1.0" encoding="UTF-8"?>
<!-- Generated by org.testng.reporters.JUnitReportReporter -->
<testsuite skipped="0" hostname="iMac-de-Imac.local" name="com.aws.devicefarm.example.appiumiostest.FoxSports.FoxSports" tests="1" failures="0" timestamp="01 dic 2017 16:00:09 GMT" time="150.415" errors="0">
  <testcase name="f" time="150.415" classname="com.aws.devicefarm.example.appiumiostest.FoxSports.FoxSports"/>
</testsuite> <!-- com.aws.devicefarm.example.appiumiostest.FoxSports.FoxSports -->
