<?xml version="1.0" encoding="UTF-8"?>
<!-- Generated by org.testng.reporters.JUnitReportReporter -->
<testsuite skipped="0" hostname="DLO-PABLO" name="PRUEBAFoxAppAndroid.PRUEBAFoxAppAndroid.FoxApp" tests="1" failures="0" timestamp="01 Dec 2017 20:57:32 GMT" time="354.615" errors="0">
  <testcase name="Test" time="354.615" classname="PRUEBAFoxAppAndroid.PRUEBAFoxAppAndroid.FoxApp"/>
</testsuite> <!-- PRUEBAFoxAppAndroid.PRUEBAFoxAppAndroid.FoxApp -->
