<?xml version="1.0" encoding="UTF-8"?>
<!-- Generated by org.testng.reporters.JUnitReportReporter -->
<testsuite skipped="0" hostname="DLO-PABLO" name="PRUEBAFoxAppAndroid.PRUEBAFoxAppAndroid.FoxApp" tests="2" failures="0" timestamp="04 Dec 2017 20:53:34 GMT" time="355.191" errors="1">
  <testcase name="Test" time="355.082" classname="PRUEBAFoxAppAndroid.PRUEBAFoxAppAndroid.FoxApp"/>
  <testcase name="afterMethod" time="0.109" classname="PRUEBAFoxAppAndroid.PRUEBAFoxAppAndroid.FoxApp">
    <error type="org.openqa.selenium.WebDriverException" message="An unknown server-side error occurred while processing the command. Original error: No device connected, cannot run adb shell command &#039;am force-stop tv.youi.foxplay.dev&#039; (WARNING: The server did not provide any stacktrace information)
Command duration or timeout: 0 milliseconds
Build info: version: &#039;3.5.3&#039;, revision: &#039;a88d25fe6b&#039;, time: &#039;2017-08-29T12:42:44.417Z&#039;
System info: host: &#039;DLO-PABLO&#039;, ip: &#039;10.157.234.127&#039;, os.name: &#039;Windows 10&#039;, os.arch: &#039;amd64&#039;, os.version: &#039;10.0&#039;, java.version: &#039;1.8.0_144&#039;
Driver info: io.appium.java_client.android.AndroidDriver
Capabilities [{isolateSimDevice=false, nodeconfig=null, webhook=null, noReset=false, showConfig=false, deviceName=BHG7N16302031342, callbackAddress=null, localTimezone=false, skipUninstall=true, automationName=YouiEngine, logNoColors=false, javascriptEnabled=true, ipa=null, forceIpad=false, asyncTrace=false, app=C:\Users\Test01\Desktop\Archivos de Automatizacion\APK\fox-debug.apk, shell=null, port=4723, forceIphone=false, name=appium-youiengine-driver, robotPort=-1, sessionOverride=false, noPermsCheck=false, traceDir=null, suppressKillServer=false, automationTraceTemplatePath=null, safari=false, log=null, enforceStrictCaps=false, bootstrapPort=4724, robotAddress=0.0.0.0, selendroidPort=8080, platform=ANDROID, backendRetries=3, tmpDir=C:\Users\Test01\AppData\Local\Temp, logTimestamp=false, instrumentsPath=null, chromedriverExecutable=null, webkitDebugProxyPort=27753, defaultDevice=false, chromeDriverPort=null, platformName=ANDROID, reboot=false, address=127.0.0.1, appiumVersion=1.7.1, launch=false, wdaLocalPort=8100, defaultCapabilities={}, loglevel=debug, callbackPort=null, fastReset=true, youiEngineAppAddress=10.157.234.149, debugLogSpacing=false}]
Session ID: 728941c5-0412-4268-9526-2862f8899619">
      <![CDATA[org.openqa.selenium.WebDriverException: An unknown server-side error occurred while processing the command. Original error: No device connected, cannot run adb shell command 'am force-stop tv.youi.foxplay.dev' (WARNING: The server did not provide any stacktrace information)
Command duration or timeout: 0 milliseconds
Build info: version: '3.5.3', revision: 'a88d25fe6b', time: '2017-08-29T12:42:44.417Z'
System info: host: 'DLO-PABLO', ip: '10.157.234.127', os.name: 'Windows 10', os.arch: 'amd64', os.version: '10.0', java.version: '1.8.0_144'
Driver info: io.appium.java_client.android.AndroidDriver
Capabilities [{isolateSimDevice=false, nodeconfig=null, webhook=null, noReset=false, showConfig=false, deviceName=BHG7N16302031342, callbackAddress=null, localTimezone=false, skipUninstall=true, automationName=YouiEngine, logNoColors=false, javascriptEnabled=true, ipa=null, forceIpad=false, asyncTrace=false, app=C:\Users\Test01\Desktop\Archivos de Automatizacion\APK\fox-debug.apk, shell=null, port=4723, forceIphone=false, name=appium-youiengine-driver, robotPort=-1, sessionOverride=false, noPermsCheck=false, traceDir=null, suppressKillServer=false, automationTraceTemplatePath=null, safari=false, log=null, enforceStrictCaps=false, bootstrapPort=4724, robotAddress=0.0.0.0, selendroidPort=8080, platform=ANDROID, backendRetries=3, tmpDir=C:\Users\Test01\AppData\Local\Temp, logTimestamp=false, instrumentsPath=null, chromedriverExecutable=null, webkitDebugProxyPort=27753, defaultDevice=false, chromeDriverPort=null, platformName=ANDROID, reboot=false, address=127.0.0.1, appiumVersion=1.7.1, launch=false, wdaLocalPort=8100, defaultCapabilities={}, loglevel=debug, callbackPort=null, fastReset=true, youiEngineAppAddress=10.157.234.149, debugLogSpacing=false}]
Session ID: 728941c5-0412-4268-9526-2862f8899619
	at sun.reflect.NativeConstructorAccessorImpl.newInstance0(Native Method)
	at sun.reflect.NativeConstructorAccessorImpl.newInstance(NativeConstructorAccessorImpl.java:62)
	at sun.reflect.DelegatingConstructorAccessorImpl.newInstance(DelegatingConstructorAccessorImpl.java:45)
	at java.lang.reflect.Constructor.newInstance(Constructor.java:423)
	at org.openqa.selenium.remote.ErrorHandler.createThrowable(ErrorHandler.java:215)
	at org.openqa.selenium.remote.ErrorHandler.throwIfResponseFailed(ErrorHandler.java:167)
	at org.openqa.selenium.remote.http.JsonHttpResponseCodec.reconstructValue(JsonHttpResponseCodec.java:40)
	at org.openqa.selenium.remote.http.AbstractHttpResponseCodec.decode(AbstractHttpResponseCodec.java:82)
	at org.openqa.selenium.remote.http.AbstractHttpResponseCodec.decode(AbstractHttpResponseCodec.java:45)
	at org.openqa.selenium.remote.HttpCommandExecutor.execute(HttpCommandExecutor.java:164)
	at io.appium.java_client.remote.AppiumCommandExecutor.execute(AppiumCommandExecutor.java:89)
	at org.openqa.selenium.remote.RemoteWebDriver.execute(RemoteWebDriver.java:646)
	at io.appium.java_client.DefaultGenericMobileDriver.execute(DefaultGenericMobileDriver.java:46)
	at io.appium.java_client.AppiumDriver.execute(AppiumDriver.java:1)
	at io.appium.java_client.android.AndroidDriver.execute(AndroidDriver.java:1)
	at org.openqa.selenium.remote.RemoteWebDriver.quit(RemoteWebDriver.java:542)
	at PRUEBAFoxAppAndroid.PRUEBAFoxAppAndroid.FoxApp.afterMethod(FoxApp.java:117)
	at sun.reflect.NativeMethodAccessorImpl.invoke0(Native Method)
	at sun.reflect.NativeMethodAccessorImpl.invoke(NativeMethodAccessorImpl.java:62)
	at sun.reflect.DelegatingMethodAccessorImpl.invoke(DelegatingMethodAccessorImpl.java:43)
	at java.lang.reflect.Method.invoke(Method.java:498)
	at org.testng.internal.MethodInvocationHelper.invokeMethod(MethodInvocationHelper.java:108)
	at org.testng.internal.Invoker.invokeConfigurationMethod(Invoker.java:523)
	at org.testng.internal.Invoker.invokeConfigurations(Invoker.java:224)
	at org.testng.internal.Invoker.invokeMethod(Invoker.java:731)
	at org.testng.internal.Invoker.invokeTestMethod(Invoker.java:877)
	at org.testng.internal.Invoker.invokeTestMethods(Invoker.java:1201)
	at org.testng.internal.TestMethodWorker.invokeTestMethods(TestMethodWorker.java:125)
	at org.testng.internal.TestMethodWorker.run(TestMethodWorker.java:109)
	at org.testng.TestRunner.privateRun(TestRunner.java:776)
	at org.testng.TestRunner.run(TestRunner.java:634)
	at org.testng.SuiteRunner.runTest(SuiteRunner.java:425)
	at org.testng.SuiteRunner.runSequentially(SuiteRunner.java:420)
	at org.testng.SuiteRunner.privateRun(SuiteRunner.java:385)
	at org.testng.SuiteRunner.run(SuiteRunner.java:334)
	at org.testng.SuiteRunnerWorker.runSuite(SuiteRunnerWorker.java:52)
	at org.testng.SuiteRunnerWorker.run(SuiteRunnerWorker.java:86)
	at org.testng.TestNG.runSuitesSequentially(TestNG.java:1318)
	at org.testng.TestNG.runSuitesLocally(TestNG.java:1243)
	at org.testng.TestNG.runSuites(TestNG.java:1161)
	at org.testng.TestNG.run(TestNG.java:1129)
	at org.testng.remote.AbstractRemoteTestNG.run(AbstractRemoteTestNG.java:114)
	at org.testng.remote.RemoteTestNG.initAndRun(RemoteTestNG.java:251)
	at org.testng.remote.RemoteTestNG.main(RemoteTestNG.java:77)
]]>
    </error>
  </testcase> <!-- afterMethod -->
</testsuite> <!-- PRUEBAFoxAppAndroid.PRUEBAFoxAppAndroid.FoxApp -->
