<?xml version="1.0" encoding="UTF-8"?>
<!-- Generated by org.testng.reporters.JUnitReportReporter -->
<testsuite skipped="0" hostname="DLO-PABLO" name="PRUEBAFoxAppAndroid.PRUEBAFoxAppAndroid.FoxApp" tests="1" failures="0" timestamp="21 Nov 2017 21:54:37 GMT" time="239.620" errors="0">
  <testcase name="Test" time="239.620" classname="PRUEBAFoxAppAndroid.PRUEBAFoxAppAndroid.FoxApp"/>
</testsuite> <!-- PRUEBAFoxAppAndroid.PRUEBAFoxAppAndroid.FoxApp -->
